-------------------------------------------------------------------------------
Test set: mypack.Test1
-------------------------------------------------------------------------------
Tests run: 3, Failures: 1, Errors: 0, Skipped: 0, Time elapsed: 4.086 s <<< FAILURE! - in mypack.Test1
method3(mypack.Test1)  Time elapsed: 0.134 s  <<< FAILURE!
java.lang.AssertionError: 
The following asserts failed:
	expected [true] but found [false]
	at mypack.Test1.method3(Test1.java:48)

