<?xml version="1.0" encoding="UTF-8"?>
<testng-results ignored="0" total="3" passed="3" failed="0" skipped="0">
  <reporter-output>
    <line>
      <![CDATA[Site is opened]]>
    </line>
  </reporter-output>
  <suite started-at="2023-08-20T12:21:23 IST" name="Surefire suite" finished-at="2023-08-20T12:21:27 IST" duration-ms="3683">
    <groups>
    </groups>
    <test started-at="2023-08-20T12:21:23 IST" name="Surefire test" finished-at="2023-08-20T12:21:27 IST" duration-ms="3683">
      <class name="mypack.Test1">
        <test-method signature="method1()[pri:1, instance:mypack.Test1@7770f470]" started-at="2023-08-20T12:21:23 IST" name="method1" finished-at="2023-08-20T12:21:26 IST" duration-ms="2400" status="PASS">
          <reporter-output>
          </reporter-output>
        </test-method> <!-- method1 -->
        <test-method signature="method2()[pri:2, instance:mypack.Test1@7770f470]" started-at="2023-08-20T12:21:26 IST" name="method2" finished-at="2023-08-20T12:21:27 IST" duration-ms="1132" status="PASS">
          <reporter-output>
            <line>
              <![CDATA[Site is opened]]>
            </line>
          </reporter-output>
        </test-method> <!-- method2 -->
        <test-method signature="method3()[pri:3, instance:mypack.Test1@7770f470]" started-at="2023-08-20T12:21:27 IST" name="method3" finished-at="2023-08-20T12:21:27 IST" duration-ms="98" status="PASS">
          <reporter-output>
          </reporter-output>
        </test-method> <!-- method3 -->
      </class> <!-- mypack.Test1 -->
    </test> <!-- Surefire test -->
  </suite> <!-- Surefire suite -->
</testng-results>
